<?xml version="1.0" encoding="UTF-8"?>
<!-- Generated by org.testng.reporters.JUnitXMLReporter -->
<testsuite ignored="0" hostname="VIJAYVJ" failures="1" tests="1" name="Test2" time="0.021" errors="0" timestamp="2019-11-07T16:39:26 IST">
  <testcase classname="launch_url.Data1" name="test1" time="0.0">
    <failure type="org.testng.TestNGException" message="
Cannot inject @Test annotated Method [test1] with [class java.lang.String].
For more information on native dependency injection please refer to http://testng.org/doc/documentation-main.html#native-dependency-injection">
      <![CDATA[org.testng.TestNGException: 
Cannot inject @Test annotated Method [test1] with [class java.lang.String].
For more information on native dependency injection please refer to http://testng.org/doc/documentation-main.html#native-dependency-injection
at java.base/java.util.ArrayList.forEach(ArrayList.java:1540)
... Removed 26 stack frames]]>
    </failure>
  </testcase> <!-- test1 -->
</testsuite> <!-- Test2 -->
